[2024-05-25 21:28:15] [ INFO ] [DomicilioDaoH2:107] Se ha encontrado el domicilio: Id: 1 - Calle: Av Siempre Viva - Numero: 742 - Localidad: Springfield - Provincia: Massachusetts
[2024-05-25 21:28:15] [ INFO ] [DomicilioDaoH2:107] Se ha encontrado el domicilio: Id: 2 - Calle: Calle Wallaby - Numero: 42 - Localidad: Sydney - Provincia: Nueva Gales del Sur
[2024-05-25 21:28:15] [ INFO ] [DomicilioDaoH2:107] Se ha encontrado el domicilio: Id: 3 - Calle: Calle - Numero: 13 - Localidad: Localidad - Provincia: Provincia
[2024-05-25 21:28:15] [ INFO ] [DomicilioDaoH2:107] Se ha encontrado el domicilio: Id: 4 - Calle: Calle - Numero: 13 - Localidad: Localidad - Provincia: Provincia
[2024-05-25 21:28:15] [ INFO ] [DomicilioDaoH2:107] Se ha encontrado el domicilio: Id: 5 - Calle: Calle - Numero: 13 - Localidad: Localidad - Provincia: Provincia
[2024-05-25 21:28:15] [ INFO ] [DomicilioDaoH2:107] Se ha encontrado el domicilio: Id: 6 - Calle: Calle - Numero: 13 - Localidad: Localidad - Provincia: Provincia
[2024-05-25 21:28:15] [ INFO ] [PacienteDaoH2:146] Listado de todos los pacientes: [Id: 1 - Nombre: Emiliano - Apellido: Celli - DNI: 35464856 - Fechas de ingreso: 2023-05-24 - Domicilio: Id: 1 - Calle: Av Siempre Viva - Numero: 742 - Localidad: Springfield - Provincia: Massachusetts, Id: 2 - Nombre: Pablo - Apellido: Clemente - DNI: 3548546 - Fechas de ingreso: 2023-05-24 - Domicilio: Id: 2 - Calle: Calle Wallaby - Numero: 42 - Localidad: Sydney - Provincia: Nueva Gales del Sur, Id: 3 - Nombre: Nombre - Apellido: Apellido - DNI: 7891011 - Fechas de ingreso: 2023-05-02 - Domicilio: Id: 3 - Calle: Calle - Numero: 13 - Localidad: Localidad - Provincia: Provincia, Id: 4 - Nombre: Nombre - Apellido: Apellido - DNI: 7891011 - Fechas de ingreso: 2023-05-02 - Domicilio: Id: 4 - Calle: Calle - Numero: 13 - Localidad: Localidad - Provincia: Provincia, Id: 5 - Nombre: Nombre - Apellido: Apellido - DNI: 7891011 - Fechas de ingreso: 2023-05-02 - Domicilio: Id: 5 - Calle: Calle - Numero: 13 - Localidad: Localidad - Provincia: Provincia, Id: 6 - Nombre: Sofia - Apellido: Barreto - DNI: 5548757 - Fechas de ingreso: 2022-05-02 - Domicilio: Id: 6 - Calle: Calle - Numero: 13 - Localidad: Localidad - Provincia: Provincia]
[2024-05-25 21:28:15] [ INFO ] [DomicilioDaoH2:50] Se ha registrado el domicilio: Id: 7 - Calle: Calle - Numero: 13 - Localidad: Localidad - Provincia: Provincia
[2024-05-25 21:28:15] [ INFO ] [PacienteDaoH2:58] Se ha registrado el paciente: Id: 7 - Nombre: Nombre - Apellido: Apellido - DNI: 7891011 - Fechas de ingreso: 2023-05-02 - Domicilio: Id: 7 - Calle: Calle - Numero: 13 - Localidad: Localidad - Provincia: Provincia
[2024-05-25 21:28:50] [ INFO ] [OdontologoDaoH2:39] Odontólogo registrado correctamente: 
Id: 8 - Numero_matricula: 12345 - Nombre: Juan - Apellido: Perez
[2024-05-25 21:28:51] [ INFO ] [OdontologoDaoH2:89] Listado de todos los odontologos: [
Id: 1 - Numero_matricula: 1000 - Nombre: NICOLAS - Apellido: GONZALES, 
Id: 2 - Numero_matricula: 12345 - Nombre: Juan - Apellido: Perez, 
Id: 3 - Numero_matricula: 12345 - Nombre: Juan - Apellido: Perez, 
Id: 4 - Numero_matricula: 12345 - Nombre: Juan - Apellido: Perez, 
Id: 5 - Numero_matricula: 12345 - Nombre: Juan - Apellido: Perez, 
Id: 6 - Numero_matricula: 12345 - Nombre: Juan - Apellido: Perez, 
Id: 7 - Numero_matricula: 544478 - Nombre: Pomelo - Apellido: Rosa, 
Id: 8 - Numero_matricula: 12345 - Nombre: Juan - Apellido: Perez]
[2024-05-25 21:29:14] [ INFO ] [DomicilioDaoH2:50] Se ha registrado el domicilio: Id: 8 - Calle: Calle - Numero: 13 - Localidad: Localidad - Provincia: Provincia
[2024-05-25 21:29:14] [ INFO ] [PacienteDaoH2:58] Se ha registrado el paciente: Id: 8 - Nombre: Sofia - Apellido: Barreto - DNI: 5548757 - Fechas de ingreso: 2022-05-02 - Domicilio: Id: 8 - Calle: Calle - Numero: 13 - Localidad: Localidad - Provincia: Provincia
[2024-05-25 21:29:14] [ INFO ] [OdontologoDaoH2:39] Odontólogo registrado correctamente: 
Id: 9 - Numero_matricula: 544478 - Nombre: Pomelo - Apellido: Rosa
[2024-05-25 21:29:14] [ INFO ] [TurnoEnH2:69] Se ha registrado el turno correctamente.Id: 6 - Paciente: Id: 8 - Nombre: Sofia - Apellido: Barreto - DNI: 5548757 - Fechas de ingreso: 2022-05-02 - Domicilio: Id: 8 - Calle: Calle - Numero: 13 - Localidad: Localidad - Provincia: Provincia - Odontologo: 
Id: 9 - Numero_matricula: 544478 - Nombre: Pomelo - Apellido: Rosa - Fecha y hora: 2024-06-30T05:01:10
[2024-05-26 17:09:33] [ INFO ] [OdontologoDaoH2:40] Odontólogo registrado correctamente: 
Id: 5 - Numero_matricula: 12345 - Nombre: Juan - Apellido: Perez
[2024-05-26 17:09:34] [ INFO ] [OdontologoDaoH2:90] Listado de todos los odontologos: [
Id: 1 - Numero_matricula: 1000 - Nombre: NICOLAS - Apellido: GONZALES, 
Id: 2 - Numero_matricula: 12345 - Nombre: Juan - Apellido: Perez, 
Id: 3 - Numero_matricula: 12345 - Nombre: Juan - Apellido: Perez, 
Id: 4 - Numero_matricula: 12345 - Nombre: Juan - Apellido: Perez, 
Id: 5 - Numero_matricula: 12345 - Nombre: Juan - Apellido: Perez]
[2024-05-26 17:09:41] [ INFO ] [DomicilioDaoH2:108] Se ha encontrado el domicilio: Id: 1 - Calle: Av Siempre Viva - Numero: 742 - Localidad: Springfield - Provincia: Massachusetts
[2024-05-26 17:09:41] [ INFO ] [DomicilioDaoH2:108] Se ha encontrado el domicilio: Id: 2 - Calle: Calle Wallaby - Numero: 42 - Localidad: Sydney - Provincia: Nueva Gales del Sur
[2024-05-26 17:09:41] [ INFO ] [PacienteDaoH2:147] Listado de todos los pacientes: [Id: 1 - Nombre: Emiliano - Apellido: Celli - DNI: 35464856 - Fechas de ingreso: 2023-05-24 - Domicilio: Id: 1 - Calle: Av Siempre Viva - Numero: 742 - Localidad: Springfield - Provincia: Massachusetts, Id: 2 - Nombre: Pablo - Apellido: Clemente - DNI: 3548546 - Fechas de ingreso: 2023-05-24 - Domicilio: Id: 2 - Calle: Calle Wallaby - Numero: 42 - Localidad: Sydney - Provincia: Nueva Gales del Sur]
[2024-05-26 17:09:42] [ INFO ] [DomicilioDaoH2:51] Se ha registrado el domicilio: Id: 3 - Calle: Calle - Numero: 13 - Localidad: Localidad - Provincia: Provincia
[2024-05-26 17:09:42] [ INFO ] [PacienteDaoH2:59] Se ha registrado el paciente: Id: 3 - Nombre: Nombre - Apellido: Apellido - DNI: 7891011 - Fechas de ingreso: 2023-05-02 - Domicilio: Id: 3 - Calle: Calle - Numero: 13 - Localidad: Localidad - Provincia: Provincia
[2024-05-26 17:09:49] [ INFO ] [DomicilioDaoH2:51] Se ha registrado el domicilio: Id: 4 - Calle: Calle - Numero: 13 - Localidad: Localidad - Provincia: Provincia
[2024-05-26 17:09:49] [ INFO ] [PacienteDaoH2:59] Se ha registrado el paciente: Id: 4 - Nombre: Sofia - Apellido: Barreto - DNI: 5548757 - Fechas de ingreso: 2022-05-02 - Domicilio: Id: 4 - Calle: Calle - Numero: 13 - Localidad: Localidad - Provincia: Provincia
[2024-05-26 17:09:49] [ INFO ] [OdontologoDaoH2:40] Odontólogo registrado correctamente: 
Id: 6 - Numero_matricula: 544478 - Nombre: Pomelo - Apellido: Rosa
[2024-05-26 17:09:49] [ INFO ] [TurnoEnH2:70] Se ha registrado el turno correctamente.Id: 2 - Paciente: Id: 4 - Nombre: Sofia - Apellido: Barreto - DNI: 5548757 - Fechas de ingreso: 2022-05-02 - Domicilio: Id: 4 - Calle: Calle - Numero: 13 - Localidad: Localidad - Provincia: Provincia - Odontologo: 
Id: 6 - Numero_matricula: 544478 - Nombre: Pomelo - Apellido: Rosa - Fecha y hora: 2024-06-30T05:01:10
[2024-05-26 17:09:49] [ INFO ] [DomicilioDaoH2:108] Se ha encontrado el domicilio: Id: 1 - Calle: Av Siempre Viva - Numero: 742 - Localidad: Springfield - Provincia: Massachusetts
[2024-05-26 17:09:49] [ INFO ] [DomicilioDaoH2:108] Se ha encontrado el domicilio: Id: 4 - Calle: Calle - Numero: 13 - Localidad: Localidad - Provincia: Provincia
[2024-05-26 17:09:49] [ INFO ] [TurnoEnH2:129] Listado de todos los Turnos registrados: [Id: 1 - Paciente: Id: 1 - Nombre: Emiliano - Apellido: Celli - DNI: 35464856 - Fechas de ingreso: 2023-05-24 - Domicilio: Id: 1 - Calle: Av Siempre Viva - Numero: 742 - Localidad: Springfield - Provincia: Massachusetts - Odontologo: 
Id: 1 - Numero_matricula: 1000 - Nombre: NICOLAS - Apellido: GONZALES - Fecha y hora: 2024-12-31T23:59:59, Id: 2 - Paciente: Id: 4 - Nombre: Sofia - Apellido: Barreto - DNI: 5548757 - Fechas de ingreso: 2022-05-02 - Domicilio: Id: 4 - Calle: Calle - Numero: 13 - Localidad: Localidad - Provincia: Provincia - Odontologo: 
Id: 6 - Numero_matricula: 544478 - Nombre: Pomelo - Apellido: Rosa - Fecha y hora: 2024-06-30T05:01:10]
[2024-05-30 22:38:52] [ INFO ] [OdontologoDaoH2:93] Listado de todos los odontologos: [
Id: 1 - Numero_matricula: 1000 - Nombre: NICOLAS - Apellido: GONZALES]
[2024-05-30 23:09:17] [ INFO ] [OdontologoDaoH2:93] Listado de todos los odontologos: [
Id: 1 - Numero_matricula: 1000 - Nombre: NICOLAS - Apellido: GONZALES]
[2024-05-30 23:13:56] [ INFO ] [OdontologoDaoH2:43] Odontólogo registrado correctamente: 
Id: 2 - Numero_matricula: 12345 - Nombre: Juan - Apellido: Perez
[2024-05-30 23:13:57] [ INFO ] [OdontologoDaoH2:93] Listado de todos los odontologos: [
Id: 1 - Numero_matricula: 1000 - Nombre: NICOLAS - Apellido: GONZALES, 
Id: 2 - Numero_matricula: 12345 - Nombre: Juan - Apellido: Perez]
[2024-05-30 23:18:02] [ INFO ] [OdontologoDaoH2:43] Odontólogo registrado correctamente: 
Id: 3 - Numero_matricula: 12345 - Nombre: Juan - Apellido: Perez
[2024-05-30 23:18:02] [ INFO ] [OdontologoDaoH2:93] Listado de todos los odontologos: [
Id: 1 - Numero_matricula: 1000 - Nombre: NICOLAS - Apellido: GONZALES, 
Id: 2 - Numero_matricula: 12345 - Nombre: Juan - Apellido: Perez, 
Id: 3 - Numero_matricula: 12345 - Nombre: Juan - Apellido: Perez]
[2024-05-30 23:31:14] [ INFO ] [OdontologoDaoH2:43] Odontólogo registrado correctamente: 
Id: 4 - Numero_matricula: 0 - Nombre: Juan - Apellido: Perez
[2024-05-30 23:31:14] [ INFO ] [OdontologoDaoH2:93] Listado de todos los odontologos: [
Id: 1 - Numero_matricula: 1000 - Nombre: NICOLAS - Apellido: GONZALES, 
Id: 2 - Numero_matricula: 12345 - Nombre: Juan - Apellido: Perez, 
Id: 3 - Numero_matricula: 12345 - Nombre: Juan - Apellido: Perez, 
Id: 4 - Numero_matricula: 0 - Nombre: Juan - Apellido: Perez]
[2024-05-31 00:43:21] [ INFO ] [OdontologoDaoH2:43] Odontólogo registrado correctamente: 
Id: 2 - Numero_matricula: 0 - Nombre: Juan - Apellido: Perez
[2024-05-31 00:43:21] [ INFO ] [OdontologoDaoH2:93] Listado de todos los odontologos: [
Id: 1 - Numero_matricula: 1000 - Nombre: NICOLAS - Apellido: GONZALES, 
Id: 2 - Numero_matricula: 0 - Nombre: Juan - Apellido: Perez]
[2024-05-31 00:47:58] [ INFO ] [OdontologoDaoH2:43] Odontólogo registrado correctamente: 
Id: 2 - numeroMatricula: 12345 - Nombre: Juan - Apellido: Perez
[2024-05-31 00:47:59] [ INFO ] [OdontologoDaoH2:93] Listado de todos los odontologos: [
Id: 1 - numeroMatricula: 1000 - Nombre: NICOLAS - Apellido: GONZALES, 
Id: 2 - numeroMatricula: 12345 - Nombre: Juan - Apellido: Perez]
[2024-05-31 00:50:35] [ INFO ] [OdontologoDaoH2:43] Odontólogo registrado correctamente: 
Id: 3 - numeroMatricula: 12345 - Nombre: Juan - Apellido: Perez
[2024-05-31 00:50:35] [ INFO ] [OdontologoDaoH2:93] Listado de todos los odontologos: [
Id: 1 - numeroMatricula: 1000 - Nombre: NICOLAS - Apellido: GONZALES, 
Id: 2 - numeroMatricula: 12345 - Nombre: Juan - Apellido: Perez, 
Id: 3 - numeroMatricula: 12345 - Nombre: Juan - Apellido: Perez]
[2024-05-31 01:01:22] [ INFO ] [OdontologoDaoH2:43] Odontólogo registrado correctamente: 
Id: 4 - numeroMatricula: 12345 - Nombre: Juan - Apellido: Perez
[2024-05-31 01:01:22] [ INFO ] [OdontologoDaoH2:93] Listado de todos los odontologos: [
Id: 1 - numeroMatricula: 1000 - Nombre: NICOLAS - Apellido: GONZALES, 
Id: 2 - numeroMatricula: 12345 - Nombre: Juan - Apellido: Perez, 
Id: 3 - numeroMatricula: 12345 - Nombre: Juan - Apellido: Perez, 
Id: 4 - numeroMatricula: 12345 - Nombre: Juan - Apellido: Perez]
[2024-05-31 01:13:19] [ INFO ] [OdontologoDaoH2:93] Listado de todos los odontologos: [
Id: 1 - numeroMatricula: 1000 - Nombre: NICOLAS - Apellido: GONZALES, 
Id: 2 - numeroMatricula: 12345 - Nombre: Juan - Apellido: Perez, 
Id: 3 - numeroMatricula: 12345 - Nombre: Juan - Apellido: Perez, 
Id: 4 - numeroMatricula: 12345 - Nombre: Juan - Apellido: Perez]
[2024-05-31 01:17:23] [ INFO ] [OdontologoDaoH2:43] Odontólogo registrado correctamente: 
Id: 5 - numeroMatricula: 12345 - Nombre: Juan - Apellido: Perez
[2024-05-31 01:17:23] [ INFO ] [OdontologoDaoH2:93] Listado de todos los odontologos: [
Id: 1 - numeroMatricula: 1000 - Nombre: NICOLAS - Apellido: GONZALES, 
Id: 2 - numeroMatricula: 12345 - Nombre: Juan - Apellido: Perez, 
Id: 3 - numeroMatricula: 12345 - Nombre: Juan - Apellido: Perez, 
Id: 4 - numeroMatricula: 12345 - Nombre: Juan - Apellido: Perez, 
Id: 5 - numeroMatricula: 12345 - Nombre: Juan - Apellido: Perez]
[2024-05-31 01:18:10] [ INFO ] [OdontologoDaoH2:43] Odontólogo registrado correctamente: 
Id: 6 - numeroMatricula: 12345 - Nombre: Juan - Apellido: Perez
[2024-05-31 01:18:10] [ INFO ] [OdontologoDaoH2:93] Listado de todos los odontologos: [
Id: 1 - numeroMatricula: 1000 - Nombre: NICOLAS - Apellido: GONZALES, 
Id: 2 - numeroMatricula: 12345 - Nombre: Juan - Apellido: Perez, 
Id: 3 - numeroMatricula: 12345 - Nombre: Juan - Apellido: Perez, 
Id: 4 - numeroMatricula: 12345 - Nombre: Juan - Apellido: Perez, 
Id: 5 - numeroMatricula: 12345 - Nombre: Juan - Apellido: Perez, 
Id: 6 - numeroMatricula: 12345 - Nombre: Juan - Apellido: Perez]
[2024-05-31 01:20:16] [ INFO ] [OdontologoDaoH2:43] Odontólogo registrado correctamente: 
Id: 7 - numeroMatricula: 12345 - Nombre: Juan - Apellido: Perez
[2024-05-31 01:20:16] [ INFO ] [OdontologoDaoH2:93] Listado de todos los odontologos: [
Id: 1 - numeroMatricula: 1000 - Nombre: NICOLAS - Apellido: GONZALES, 
Id: 2 - numeroMatricula: 12345 - Nombre: Juan - Apellido: Perez, 
Id: 3 - numeroMatricula: 12345 - Nombre: Juan - Apellido: Perez, 
Id: 4 - numeroMatricula: 12345 - Nombre: Juan - Apellido: Perez, 
Id: 5 - numeroMatricula: 12345 - Nombre: Juan - Apellido: Perez, 
Id: 6 - numeroMatricula: 12345 - Nombre: Juan - Apellido: Perez, 
Id: 7 - numeroMatricula: 12345 - Nombre: Juan - Apellido: Perez]
[2024-05-31 01:21:56] [ INFO ] [OdontologoDaoH2:43] Odontólogo registrado correctamente: 
Id: 8 - numeroMatricula: 12345 - Nombre: Juan - Apellido: Perez
[2024-05-31 01:21:56] [ INFO ] [OdontologoDaoH2:93] Listado de todos los odontologos: [
Id: 1 - numeroMatricula: 1000 - Nombre: NICOLAS - Apellido: GONZALES, 
Id: 2 - numeroMatricula: 12345 - Nombre: Juan - Apellido: Perez, 
Id: 3 - numeroMatricula: 12345 - Nombre: Juan - Apellido: Perez, 
Id: 4 - numeroMatricula: 12345 - Nombre: Juan - Apellido: Perez, 
Id: 5 - numeroMatricula: 12345 - Nombre: Juan - Apellido: Perez, 
Id: 6 - numeroMatricula: 12345 - Nombre: Juan - Apellido: Perez, 
Id: 7 - numeroMatricula: 12345 - Nombre: Juan - Apellido: Perez, 
Id: 8 - numeroMatricula: 12345 - Nombre: Juan - Apellido: Perez]
[2024-05-31 01:22:14] [ INFO ] [OdontologoDaoH2:43] Odontólogo registrado correctamente: 
Id: 9 - numeroMatricula: 12345 - Nombre: Juan - Apellido: Perez
[2024-05-31 01:22:14] [ INFO ] [OdontologoDaoH2:93] Listado de todos los odontologos: [
Id: 1 - numeroMatricula: 1000 - Nombre: NICOLAS - Apellido: GONZALES, 
Id: 2 - numeroMatricula: 12345 - Nombre: Juan - Apellido: Perez, 
Id: 3 - numeroMatricula: 12345 - Nombre: Juan - Apellido: Perez, 
Id: 4 - numeroMatricula: 12345 - Nombre: Juan - Apellido: Perez, 
Id: 5 - numeroMatricula: 12345 - Nombre: Juan - Apellido: Perez, 
Id: 6 - numeroMatricula: 12345 - Nombre: Juan - Apellido: Perez, 
Id: 7 - numeroMatricula: 12345 - Nombre: Juan - Apellido: Perez, 
Id: 8 - numeroMatricula: 12345 - Nombre: Juan - Apellido: Perez, 
Id: 9 - numeroMatricula: 12345 - Nombre: Juan - Apellido: Perez]
[2024-05-31 01:22:44] [ INFO ] [OdontologoDaoH2:43] Odontólogo registrado correctamente: 
Id: 10 - numeroMatricula: 12345 - Nombre: Juan - Apellido: Perez
[2024-05-31 01:22:44] [ INFO ] [OdontologoDaoH2:93] Listado de todos los odontologos: [
Id: 1 - numeroMatricula: 1000 - Nombre: NICOLAS - Apellido: GONZALES, 
Id: 2 - numeroMatricula: 12345 - Nombre: Juan - Apellido: Perez, 
Id: 3 - numeroMatricula: 12345 - Nombre: Juan - Apellido: Perez, 
Id: 4 - numeroMatricula: 12345 - Nombre: Juan - Apellido: Perez, 
Id: 5 - numeroMatricula: 12345 - Nombre: Juan - Apellido: Perez, 
Id: 6 - numeroMatricula: 12345 - Nombre: Juan - Apellido: Perez, 
Id: 7 - numeroMatricula: 12345 - Nombre: Juan - Apellido: Perez, 
Id: 8 - numeroMatricula: 12345 - Nombre: Juan - Apellido: Perez, 
Id: 9 - numeroMatricula: 12345 - Nombre: Juan - Apellido: Perez, 
Id: 10 - numeroMatricula: 12345 - Nombre: Juan - Apellido: Perez]
[2024-05-31 01:32:47] [ INFO ] [OdontologoDaoH2:93] Listado de todos los odontologos: [
Id: 1 - numeroMatricula: 1000 - Nombre: NICOLAS - Apellido: GONZALES, 
Id: 2 - numeroMatricula: 12345 - Nombre: Juan - Apellido: Perez, 
Id: 3 - numeroMatricula: 12345 - Nombre: Juan - Apellido: Perez, 
Id: 4 - numeroMatricula: 12345 - Nombre: Juan - Apellido: Perez, 
Id: 5 - numeroMatricula: 12345 - Nombre: Juan - Apellido: Perez, 
Id: 6 - numeroMatricula: 12345 - Nombre: Juan - Apellido: Perez, 
Id: 7 - numeroMatricula: 12345 - Nombre: Juan - Apellido: Perez, 
Id: 8 - numeroMatricula: 12345 - Nombre: Juan - Apellido: Perez, 
Id: 9 - numeroMatricula: 12345 - Nombre: Juan - Apellido: Perez, 
Id: 10 - numeroMatricula: 12345 - Nombre: Juan - Apellido: Perez]
[2024-05-31 01:59:28] [ INFO ] [OdontologoDaoH2:93] Listado de todos los odontologos: [
Id: 1 - numeroMatricula: 1000 - Nombre: NICOLAS - Apellido: GONZALES, 
Id: 2 - numeroMatricula: 12345 - Nombre: Juan - Apellido: Perez, 
Id: 3 - numeroMatricula: 12345 - Nombre: Juan - Apellido: Perez, 
Id: 4 - numeroMatricula: 12345 - Nombre: Juan - Apellido: Perez, 
Id: 5 - numeroMatricula: 12345 - Nombre: Juan - Apellido: Perez, 
Id: 6 - numeroMatricula: 12345 - Nombre: Juan - Apellido: Perez, 
Id: 7 - numeroMatricula: 12345 - Nombre: Juan - Apellido: Perez, 
Id: 8 - numeroMatricula: 12345 - Nombre: Juan - Apellido: Perez, 
Id: 9 - numeroMatricula: 12345 - Nombre: Juan - Apellido: Perez, 
Id: 10 - numeroMatricula: 12345 - Nombre: Juan - Apellido: Perez]
[2024-05-31 01:59:28] [ INFO ] [OdontologoDaoH2:43] Odontólogo registrado correctamente: 
Id: 11 - numeroMatricula: 12345 - Nombre: Juan - Apellido: Perez
[2024-05-31 02:00:54] [ INFO ] [OdontologoDaoH2:93] Listado de todos los odontologos: [
Id: 1 - numeroMatricula: 1000 - Nombre: NICOLAS - Apellido: GONZALES, 
Id: 2 - numeroMatricula: 12345 - Nombre: Juan - Apellido: Perez, 
Id: 3 - numeroMatricula: 12345 - Nombre: Juan - Apellido: Perez, 
Id: 4 - numeroMatricula: 12345 - Nombre: Juan - Apellido: Perez, 
Id: 5 - numeroMatricula: 12345 - Nombre: Juan - Apellido: Perez, 
Id: 6 - numeroMatricula: 12345 - Nombre: Juan - Apellido: Perez, 
Id: 7 - numeroMatricula: 12345 - Nombre: Juan - Apellido: Perez, 
Id: 8 - numeroMatricula: 12345 - Nombre: Juan - Apellido: Perez, 
Id: 9 - numeroMatricula: 12345 - Nombre: Juan - Apellido: Perez, 
Id: 10 - numeroMatricula: 12345 - Nombre: Juan - Apellido: Perez, 
Id: 11 - numeroMatricula: 12345 - Nombre: Juan - Apellido: Perez]
[2024-05-31 02:00:54] [ INFO ] [OdontologoDaoH2:43] Odontólogo registrado correctamente: 
Id: 12 - numeroMatricula: 12345 - Nombre: Juan - Apellido: Perez
[2024-05-31 02:01:35] [ INFO ] [OdontologoDaoH2:43] Odontólogo registrado correctamente: 
Id: 13 - numeroMatricula: 12345 - Nombre: Juan - Apellido: Perez
[2024-05-31 02:01:35] [ INFO ] [OdontologoDaoH2:93] Listado de todos los odontologos: [
Id: 1 - numeroMatricula: 1000 - Nombre: NICOLAS - Apellido: GONZALES, 
Id: 2 - numeroMatricula: 12345 - Nombre: Juan - Apellido: Perez, 
Id: 3 - numeroMatricula: 12345 - Nombre: Juan - Apellido: Perez, 
Id: 4 - numeroMatricula: 12345 - Nombre: Juan - Apellido: Perez, 
Id: 5 - numeroMatricula: 12345 - Nombre: Juan - Apellido: Perez, 
Id: 6 - numeroMatricula: 12345 - Nombre: Juan - Apellido: Perez, 
Id: 7 - numeroMatricula: 12345 - Nombre: Juan - Apellido: Perez, 
Id: 8 - numeroMatricula: 12345 - Nombre: Juan - Apellido: Perez, 
Id: 9 - numeroMatricula: 12345 - Nombre: Juan - Apellido: Perez, 
Id: 10 - numeroMatricula: 12345 - Nombre: Juan - Apellido: Perez, 
Id: 11 - numeroMatricula: 12345 - Nombre: Juan - Apellido: Perez, 
Id: 12 - numeroMatricula: 12345 - Nombre: Juan - Apellido: Perez, 
Id: 13 - numeroMatricula: 12345 - Nombre: Juan - Apellido: Perez]
[2024-05-31 02:02:13] [ INFO ] [OdontologoDaoH2:93] Listado de todos los odontologos: [
Id: 1 - numeroMatricula: 1000 - Nombre: NICOLAS - Apellido: GONZALES, 
Id: 2 - numeroMatricula: 12345 - Nombre: Juan - Apellido: Perez, 
Id: 3 - numeroMatricula: 12345 - Nombre: Juan - Apellido: Perez, 
Id: 4 - numeroMatricula: 12345 - Nombre: Juan - Apellido: Perez, 
Id: 5 - numeroMatricula: 12345 - Nombre: Juan - Apellido: Perez, 
Id: 6 - numeroMatricula: 12345 - Nombre: Juan - Apellido: Perez, 
Id: 7 - numeroMatricula: 12345 - Nombre: Juan - Apellido: Perez, 
Id: 8 - numeroMatricula: 12345 - Nombre: Juan - Apellido: Perez, 
Id: 9 - numeroMatricula: 12345 - Nombre: Juan - Apellido: Perez, 
Id: 10 - numeroMatricula: 12345 - Nombre: Juan - Apellido: Perez, 
Id: 11 - numeroMatricula: 12345 - Nombre: Juan - Apellido: Perez, 
Id: 12 - numeroMatricula: 12345 - Nombre: Juan - Apellido: Perez, 
Id: 13 - numeroMatricula: 12345 - Nombre: Juan - Apellido: Perez]
[2024-05-31 02:02:13] [ INFO ] [OdontologoDaoH2:43] Odontólogo registrado correctamente: 
Id: 14 - numeroMatricula: 12345 - Nombre: Juan - Apellido: Perez
[2024-06-06 21:35:17] [ INFO ] [DomicilioDaoH2:100] Se ha encontrado el domicilio: 
Id: 1 - Calle: Av Siempre Viva - Numero: 742 - Localidad: Springfield - Provincia: Massachusetts
[2024-06-06 21:35:17] [ INFO ] [DomicilioDaoH2:100] Se ha encontrado el domicilio: 
Id: 2 - Calle: Calle Wallaby - Numero: 42 - Localidad: Sydney - Provincia: Nueva Gales del Sur
[2024-06-06 21:35:18] [ INFO ] [PacienteDaoH2:140] Listado de todos los pacientes: [
Id: 1 - Nombre: Emiliano - Apellido: Celli - DNI: 35464856 - Fechas de ingreso: 2023-05-24 - Domicilio: 
Id: 1 - Calle: Av Siempre Viva - Numero: 742 - Localidad: Springfield - Provincia: Massachusetts, 
Id: 2 - Nombre: Pablo - Apellido: Clemente - DNI: 3548546 - Fechas de ingreso: 2023-05-24 - Domicilio: 
Id: 2 - Calle: Calle Wallaby - Numero: 42 - Localidad: Sydney - Provincia: Nueva Gales del Sur]
